
> www-subjectivetechnologies-com@0.1.0 dev
> next dev

   ▲ Next.js 14.0.3
   - Local:        http://localhost:3000

 ✓ Ready in 3.7s
 ○ Compiling / ...
<w> [webpack.cache.PackFileCacheStrategy] Restoring failed for ResolverCachePlugin|loader|default|path=|/home/ubuntu/www-subjectivetechnologies-com|request=|/home/ubuntu/www-subjectivetechnologies-com/node_modules/next/dist/build/webpack/loaders/css-loader/src/index.js from pack: Error: Cannot find module 'mini-css-extract-plugin/dist/CssDependency'
<w> Require stack:
<w> - /home/ubuntu/www-subjectivetechnologies-com/node_modules/next/dist/compiled/webpack/bundle5.js
<w> - /home/ubuntu/www-subjectivetechnologies-com/node_modules/next/dist/compiled/webpack/webpack.js
<w> - /home/ubuntu/www-subjectivetechnologies-com/node_modules/next/dist/server/config-utils.js
<w> - /home/ubuntu/www-subjectivetechnologies-com/node_modules/next/dist/server/config.js
<w> - /home/ubuntu/www-subjectivetechnologies-com/node_modules/next/dist/server/next.js
<w> - /home/ubuntu/www-subjectivetechnologies-com/node_modules/next/dist/server/lib/start-server.js
<w> (during deserialization of Array)
<w> (during deserialization of webpack/lib/NormalModule)
<w> (during deserialization of Map)
<w> (during deserialization of webpack/lib/cache/PackFileCacheStrategy PackContentItems)
<w> [webpack.cache.PackFileCacheStrategy] Restoring failed for ResolverCachePlugin|loader|default|path=|/home/ubuntu/www-subjectivetechnologies-com|request=|/home/ubuntu/www-subjectivetechnologies-com/node_modules/next/dist/build/webpack/loaders/postcss-loader/src/index.js from pack: Error: Cannot find module 'mini-css-extract-plugin/dist/CssDependency'
<w> Require stack:
<w> - /home/ubuntu/www-subjectivetechnologies-com/node_modules/next/dist/compiled/webpack/bundle5.js
<w> - /home/ubuntu/www-subjectivetechnologies-com/node_modules/next/dist/compiled/webpack/webpack.js
<w> - /home/ubuntu/www-subjectivetechnologies-com/node_modules/next/dist/server/config-utils.js
<w> - /home/ubuntu/www-subjectivetechnologies-com/node_modules/next/dist/server/config.js
<w> - /home/ubuntu/www-subjectivetechnologies-com/node_modules/next/dist/server/next.js
<w> - /home/ubuntu/www-subjectivetechnologies-com/node_modules/next/dist/server/lib/start-server.js
<w> (during deserialization of Array)
<w> (during deserialization of webpack/lib/NormalModule)
<w> (during deserialization of Map)
<w> (during deserialization of webpack/lib/cache/PackFileCacheStrategy PackContentItems)
<w> [webpack.cache.PackFileCacheStrategy] Restoring failed for Compilation/modules|/home/ubuntu/www-subjectivetechnologies-com/node_modules/next/dist/build/webpack/loaders/css-loader/src/runtime/api.js from pack: Error: Cannot find module 'mini-css-extract-plugin/dist/CssDependency'
<w> Require stack:
<w> - /home/ubuntu/www-subjectivetechnologies-com/node_modules/next/dist/compiled/webpack/bundle5.js
<w> - /home/ubuntu/www-subjectivetechnologies-com/node_modules/next/dist/compiled/webpack/webpack.js
<w> - /home/ubuntu/www-subjectivetechnologies-com/node_modules/next/dist/server/config-utils.js
<w> - /home/ubuntu/www-subjectivetechnologies-com/node_modules/next/dist/server/config.js
<w> - /home/ubuntu/www-subjectivetechnologies-com/node_modules/next/dist/server/next.js
<w> - /home/ubuntu/www-subjectivetechnologies-com/node_modules/next/dist/server/lib/start-server.js
<w> (during deserialization of Array)
<w> (during deserialization of webpack/lib/NormalModule)
<w> (during deserialization of Map)
<w> (during deserialization of webpack/lib/cache/PackFileCacheStrategy PackContentItems)
 ✓ Compiled / in 8.5s (214 modules)
<w> [webpack.cache.PackFileCacheStrategy] Caching failed for pack: Error: Cannot find module 'mini-css-extract-plugin/dist/CssDependency'
<w> Require stack:
<w> - /home/ubuntu/www-subjectivetechnologies-com/node_modules/next/dist/compiled/webpack/bundle5.js
<w> - /home/ubuntu/www-subjectivetechnologies-com/node_modules/next/dist/compiled/webpack/webpack.js
<w> - /home/ubuntu/www-subjectivetechnologies-com/node_modules/next/dist/server/config-utils.js
<w> - /home/ubuntu/www-subjectivetechnologies-com/node_modules/next/dist/server/config.js
<w> - /home/ubuntu/www-subjectivetechnologies-com/node_modules/next/dist/server/next.js
<w> - /home/ubuntu/www-subjectivetechnologies-com/node_modules/next/dist/server/lib/start-server.js
<w> (during deserialization of Array)
<w> (during deserialization of webpack/lib/NormalModule)
<w> (during deserialization of Map)
<w> (during deserialization of webpack/lib/cache/PackFileCacheStrategy PackContentItems)
 ○ Compiling /_error ...
 ✓ Compiled /_error in 774ms (216 modules)
<w> [webpack.cache.PackFileCacheStrategy] Caching failed for pack: Error: Cannot find module 'mini-css-extract-plugin/dist/CssDependency'
<w> Require stack:
<w> - /home/ubuntu/www-subjectivetechnologies-com/node_modules/next/dist/compiled/webpack/bundle5.js
<w> - /home/ubuntu/www-subjectivetechnologies-com/node_modules/next/dist/compiled/webpack/webpack.js
<w> - /home/ubuntu/www-subjectivetechnologies-com/node_modules/next/dist/server/config-utils.js
<w> - /home/ubuntu/www-subjectivetechnologies-com/node_modules/next/dist/server/config.js
<w> - /home/ubuntu/www-subjectivetechnologies-com/node_modules/next/dist/server/next.js
<w> - /home/ubuntu/www-subjectivetechnologies-com/node_modules/next/dist/server/lib/start-server.js
<w> (during deserialization of Array)
<w> (during deserialization of webpack/lib/NormalModule)
<w> (during deserialization of Map)
<w> (during deserialization of webpack/lib/cache/PackFileCacheStrategy PackContentItems)
